Info: Generated by version: 24.3.1 build 102
Info: Starting: Create simulation model
Info: qsys-generate C:\Users\agarw414\AppData\Local\Temp\alt0241_17663816786152718782.dir\0001_emif_io96b_lpddr4_0_gen\sim\ip\ed_sim\ed_sim_user_pll.ip --simulation=VERILOG --allow-mixed-language-simulation --output-directory=C:\Users\agarw414\AppData\Local\Temp\alt0241_17663816786152718782.dir\0001_emif_io96b_lpddr4_0_gen\sim\ip\ed_sim\ed_sim_user_pll --family="Agilex 5" --part=A5ED065BB32AE6SR0
Info: ed_sim_user_pll.altera_iopll_inst: Able to implement PLL with user settings
Info: ed_sim_user_pll: "Transforming system: ed_sim_user_pll"
Info: ed_sim_user_pll: "Naming system components in system: ed_sim_user_pll"
Info: ed_sim_user_pll: "Processing generation queue"
Info: ed_sim_user_pll: "Generating: ed_sim_user_pll"
Info: ed_sim_user_pll: "Generating: ed_sim_user_pll_altera_iopll_2000_y2t5sty"
Info: ed_sim_user_pll: Done "ed_sim_user_pll" with 2 modules, 2 files
Warning: Skipping generation of synopsys/vcs/vcs_setup.sh since VCS 2-step flow is not supported for Agilex 5 device family
Info: Generating the following file(s) for MODELSIM simulator in C:/Users/agarw414/AppData/Local/Temp/alt0241_17663816786152718782.dir/0001_emif_io96b_lpddr4_0_gen/sim/ip/ed_sim/ed_sim_user_pll/sim/ directory:
Info: 	common/modelsim_files.tcl
Info: Generating the following file(s) for RIVIERA simulator in C:/Users/agarw414/AppData/Local/Temp/alt0241_17663816786152718782.dir/0001_emif_io96b_lpddr4_0_gen/sim/ip/ed_sim/ed_sim_user_pll/sim/ directory:
Info: 	common/riviera_files.tcl
Info: For information on how to simulate your IP, see the explanatory comments in the simulator-specific subdirectories under C:/Users/agarw414/AppData/Local/Temp/alt0241_17663816786152718782.dir/0001_emif_io96b_lpddr4_0_gen/sim/ip/ed_sim/ed_sim_user_pll/sim/.
Info: Regenerate these scripts whenever you make any change to any Quartus-generated IP in your project.
Info: Finished: Create simulation model
Info: Starting: Create simulation script
Info: sim-script-gen --system-file=C:\Users\agarw414\AppData\Local\Temp\alt0241_17663816786152718782.dir\0001_emif_io96b_lpddr4_0_gen\sim\ip\ed_sim\ed_sim_user_pll.ip --output-directory=C:/Users/agarw414/AppData/Local/Temp/alt0241_17663816786152718782.dir/0001_emif_io96b_lpddr4_0_gen/sim/ip/ed_sim/ed_sim_user_pll/sim/ --use-relative-paths=true
Warning: Skipping generation of synopsys/vcs/vcs_setup.sh since VCS 2-step flow is not supported for Agilex 5 device family
Info: Generating the following file(s) for MODELSIM simulator in C:/Users/agarw414/AppData/Local/Temp/alt0241_17663816786152718782.dir/0001_emif_io96b_lpddr4_0_gen/sim/ip/ed_sim/ed_sim_user_pll/sim/ directory:
Info: 	mentor/msim_setup.tcl
Info: 	mentor/run_msim_setup.tcl
Info: Generating the following file(s) for RIVIERA simulator in C:/Users/agarw414/AppData/Local/Temp/alt0241_17663816786152718782.dir/0001_emif_io96b_lpddr4_0_gen/sim/ip/ed_sim/ed_sim_user_pll/sim/ directory:
Info: 	aldec/rivierapro_setup.tcl
Info: 	aldec/run_rivierapro_setup.tcl
Info: For information on how to simulate your IP, see the explanatory comments in the simulator-specific subdirectories under C:/Users/agarw414/AppData/Local/Temp/alt0241_17663816786152718782.dir/0001_emif_io96b_lpddr4_0_gen/sim/ip/ed_sim/ed_sim_user_pll/sim/.
Info: Regenerate these scripts whenever you make any change to any Quartus-generated IP in your project.
Info: Finished: Create simulation script
